# JRE version: Java(TM) SE Runtime Environment (17.0.12+8) (build 17.0.12+8-LTS-286)
# Java VM: Java HotSpot(TM) 64-Bit Server VM (17.0.12+8-LTS-286, mixed mode, sharing, tiered, compressed oops, compressed class ptrs, g1 gc, windows-amd64)
GC Precious Log:
 CPUs: 4 total, 4 available
 Memory: 7591M
 Large Page Support: Disabled
 NUMA Support: Disabled
 Compressed Oops: Enabled (32-bit)
 Heap Region Size: 1M
 Heap Min Capacity: 8M
 Heap Initial Capacity: 120M
 Heap Max Capacity: 1898M
 Pre-touch: Disabled
 Parallel Workers: 4
 Concurrent Workers: 1
 Concurrent Refinement Workers: 4
 Periodic GC: Disabled
Heap:
 garbage-first heap   total 122880K, used 32406K [0x0000000089600000, 0x0000000100000000)
  region size 1024K, 17 young (17408K), 4 survivors (4096K)
 Metaspace       used 20994K, committed 21312K, reserved 1114112K
  class space    used 2472K, committed 2624K, reserved 1048576K
GC Heap History (10 events):
Event: 0.794 GC heap before
{Heap before GC invocations=0 (full 0):
 garbage-first heap   total 122880K, used 12288K [0x0000000089600000, 0x0000000100000000)
  region size 1024K, 13 young (13312K), 0 survivors (0K)
 Metaspace       used 3686K, committed 3904K, reserved 1114112K
  class space    used 407K, committed 512K, reserved 1048576K
}
Event: 0.800 GC heap after
{Heap after GC invocations=1 (full 0):
 garbage-first heap   total 122880K, used 3136K [0x0000000089600000, 0x0000000100000000)
  region size 1024K, 2 young (2048K), 2 survivors (2048K)
 Metaspace       used 3686K, committed 3904K, reserved 1114112K
  class space    used 407K, committed 512K, reserved 1048576K
}
Event: 1.183 GC heap before
{Heap before GC invocations=1 (full 0):
 garbage-first heap   total 122880K, used 16448K [0x0000000089600000, 0x0000000100000000)
  region size 1024K, 15 young (15360K), 2 survivors (2048K)
 Metaspace       used 5735K, committed 5888K, reserved 1114112K
  class space    used 696K, committed 768K, reserved 1048576K
}
Event: 1.188 GC heap after
{Heap after GC invocations=2 (full 0):
 garbage-first heap   total 122880K, used 3816K [0x0000000089600000, 0x0000000100000000)
  region size 1024K, 1 young (1024K), 1 survivors (1024K)
 Metaspace       used 5735K, committed 5888K, reserved 1114112K
  class space    used 696K, committed 768K, reserved 1048576K
}
Event: 2.206 GC heap before
{Heap before GC invocations=2 (full 0):
 garbage-first heap   total 122880K, used 33512K [0x0000000089600000, 0x0000000100000000)
  region size 1024K, 30 young (30720K), 1 survivors (1024K)
 Metaspace       used 10416K, committed 10560K, reserved 1114112K
  class space    used 1281K, committed 1344K, reserved 1048576K
}
Event: 2.214 GC heap after
{Heap after GC invocations=3 (full 0):
 garbage-first heap   total 122880K, used 5571K [0x0000000089600000, 0x0000000100000000)
  region size 1024K, 3 young (3072K), 3 survivors (3072K)
 Metaspace       used 10416K, committed 10560K, reserved 1114112K
  class space    used 1281K, committed 1344K, reserved 1048576K
}
Event: 4.372 GC heap before
{Heap before GC invocations=3 (full 0):
 garbage-first heap   total 122880K, used 76227K [0x0000000089600000, 0x0000000100000000)
  region size 1024K, 72 young (73728K), 3 survivors (3072K)
 Metaspace       used 15630K, committed 15808K, reserved 1114112K
  class space    used 1863K, committed 1920K, reserved 1048576K
}
Event: 4.399 GC heap after
{Heap after GC invocations=4 (full 0):
 garbage-first heap   total 122880K, used 12621K [0x0000000089600000, 0x0000000100000000)
  region size 1024K, 9 young (9216K), 9 survivors (9216K)
 Metaspace       used 15630K, committed 15808K, reserved 1114112K
  class space    used 1863K, committed 1920K, reserved 1048576K
}
Event: 7.033 GC heap before
{Heap before GC invocations=4 (full 0):
 garbage-first heap   total 122880K, used 77133K [0x0000000089600000, 0x0000000100000000)
  region size 1024K, 72 young (73728K), 9 survivors (9216K)
 Metaspace       used 19276K, committed 19584K, reserved 1114112K
  class space    used 2235K, committed 2368K, reserved 1048576K
}
Event: 7.053 GC heap after
{Heap after GC invocations=5 (full 0):
 garbage-first heap   total 122880K, used 16022K [0x0000000089600000, 0x0000000100000000)
  region size 1024K, 4 young (4096K), 4 survivors (4096K)
 Metaspace       used 19276K, committed 19584K, reserved 1114112K
  class space    used 2235K, committed 2368K, reserved 1048576K
}

