# JRE version: Java(TM) SE Runtime Environment (17.0.12+8) (build 17.0.12+8-LTS-286)
# Java VM: Java HotSpot(TM) 64-Bit Server VM (17.0.12+8-LTS-286, mixed mode, sharing, tiered, compressed oops, compressed class ptrs, g1 gc, windows-amd64)
GC Precious Log:
 CPUs: 4 total, 4 available
 Memory: 7591M
 Large Page Support: Disabled
 NUMA Support: Disabled
 Compressed Oops: Enabled (32-bit)
 Heap Region Size: 1M
 Heap Min Capacity: 8M
 Heap Initial Capacity: 120M
 Heap Max Capacity: 1898M
 Pre-touch: Disabled
 Parallel Workers: 4
 Concurrent Workers: 1
 Concurrent Refinement Workers: 4
 Periodic GC: Disabled
Heap:
 garbage-first heap   total 89088K, used 58368K [0x0000000089600000, 0x0000000100000000)
  region size 1024K, 22 young (22528K), 1 survivors (1024K)
 Metaspace       used 27015K, committed 27392K, reserved 1114112K
  class space    used 3100K, committed 3264K, reserved 1048576K
GC Heap History (16 events):
Event: 10.909 GC heap before
{Heap before GC invocations=0 (full 0):
 garbage-first heap   total 122880K, used 12288K [0x0000000089600000, 0x0000000100000000)
  region size 1024K, 13 young (13312K), 0 survivors (0K)
 Metaspace       used 3709K, committed 3904K, reserved 1114112K
  class space    used 407K, committed 512K, reserved 1048576K
}
Event: 10.921 GC heap after
{Heap after GC invocations=1 (full 0):
 garbage-first heap   total 122880K, used 3136K [0x0000000089600000, 0x0000000100000000)
  region size 1024K, 2 young (2048K), 2 survivors (2048K)
 Metaspace       used 3709K, committed 3904K, reserved 1114112K
  class space    used 407K, committed 512K, reserved 1048576K
}
Event: 11.455 GC heap before
{Heap before GC invocations=1 (full 0):
 garbage-first heap   total 122880K, used 15424K [0x0000000089600000, 0x0000000100000000)
  region size 1024K, 14 young (14336K), 2 survivors (2048K)
 Metaspace       used 5568K, committed 5760K, reserved 1114112K
  class space    used 682K, committed 768K, reserved 1048576K
}
Event: 11.463 GC heap after
{Heap after GC invocations=2 (full 0):
 garbage-first heap   total 122880K, used 3893K [0x0000000089600000, 0x0000000100000000)
  region size 1024K, 1 young (1024K), 1 survivors (1024K)
 Metaspace       used 5568K, committed 5760K, reserved 1114112K
  class space    used 682K, committed 768K, reserved 1048576K
}
Event: 12.659 GC heap before
{Heap before GC invocations=2 (full 0):
 garbage-first heap   total 122880K, used 32565K [0x0000000089600000, 0x0000000100000000)
  region size 1024K, 29 young (29696K), 1 survivors (1024K)
 Metaspace       used 10034K, committed 10176K, reserved 1114112K
  class space    used 1225K, committed 1280K, reserved 1048576K
}
Event: 12.667 GC heap after
{Heap after GC invocations=3 (full 0):
 garbage-first heap   total 122880K, used 5477K [0x0000000089600000, 0x0000000100000000)
  region size 1024K, 3 young (3072K), 3 survivors (3072K)
 Metaspace       used 10034K, committed 10176K, reserved 1114112K
  class space    used 1225K, committed 1280K, reserved 1048576K
}
Event: 15.370 GC heap before
{Heap before GC invocations=3 (full 0):
 garbage-first heap   total 122880K, used 76133K [0x0000000089600000, 0x0000000100000000)
  region size 1024K, 72 young (73728K), 3 survivors (3072K)
 Metaspace       used 15617K, committed 15808K, reserved 1114112K
  class space    used 1863K, committed 1920K, reserved 1048576K
}
Event: 15.400 GC heap after
{Heap after GC invocations=4 (full 0):
 garbage-first heap   total 122880K, used 12747K [0x0000000089600000, 0x0000000100000000)
  region size 1024K, 9 young (9216K), 9 survivors (9216K)
 Metaspace       used 15617K, committed 15808K, reserved 1114112K
  class space    used 1863K, committed 1920K, reserved 1048576K
}
Event: 19.104 GC heap before
{Heap before GC invocations=4 (full 0):
 garbage-first heap   total 122880K, used 77259K [0x0000000089600000, 0x0000000100000000)
  region size 1024K, 72 young (73728K), 9 survivors (9216K)
 Metaspace       used 17424K, committed 17728K, reserved 1114112K
  class space    used 2027K, committed 2176K, reserved 1048576K
}
Event: 19.137 GC heap after
{Heap after GC invocations=5 (full 0):
 garbage-first heap   total 122880K, used 15567K [0x0000000089600000, 0x0000000100000000)
  region size 1024K, 4 young (4096K), 4 survivors (4096K)
 Metaspace       used 17424K, committed 17728K, reserved 1114112K
  class space    used 2027K, committed 2176K, reserved 1048576K
}
Event: 22.523 GC heap before
{Heap before GC invocations=5 (full 0):
 garbage-first heap   total 122880K, used 41167K [0x0000000089600000, 0x0000000100000000)
  region size 1024K, 26 young (26624K), 4 survivors (4096K)
 Metaspace       used 21250K, committed 21504K, reserved 1114112K
  class space    used 2502K, committed 2624K, reserved 1048576K
}
Event: 22.542 GC heap after
{Heap after GC invocations=6 (full 0):
 garbage-first heap   total 122880K, used 24271K [0x0000000089600000, 0x0000000100000000)
  region size 1024K, 8 young (8192K), 8 survivors (8192K)
 Metaspace       used 21250K, committed 21504K, reserved 1114112K
  class space    used 2502K, committed 2624K, reserved 1048576K
}
Event: 29.750 GC heap before
{Heap before GC invocations=7 (full 0):
 garbage-first heap   total 86016K, used 68303K [0x0000000089600000, 0x0000000100000000)
  region size 1024K, 50 young (51200K), 8 survivors (8192K)
 Metaspace       used 26118K, committed 26432K, reserved 1114112K
  class space    used 3036K, committed 3200K, reserved 1048576K
}
Event: 29.794 GC heap after
{Heap after GC invocations=8 (full 0):
 garbage-first heap   total 89088K, used 35362K [0x0000000089600000, 0x0000000100000000)
  region size 1024K, 7 young (7168K), 7 survivors (7168K)
 Metaspace       used 26118K, committed 26432K, reserved 1114112K
  class space    used 3036K, committed 3200K, reserved 1048576K
}
Event: 29.884 GC heap before
{Heap before GC invocations=8 (full 0):
 garbage-first heap   total 89088K, used 36386K [0x0000000089600000, 0x0000000100000000)
  region size 1024K, 8 young (8192K), 7 survivors (7168K)
 Metaspace       used 26145K, committed 26496K, reserved 1114112K
  class space    used 3036K, committed 3200K, reserved 1048576K
}
Event: 29.911 GC heap after
{Heap after GC invocations=9 (full 0):
 garbage-first heap   total 89088K, used 36864K [0x0000000089600000, 0x0000000100000000)
  region size 1024K, 1 young (1024K), 1 survivors (1024K)
 Metaspace       used 26145K, committed 26496K, reserved 1114112K
  class space    used 3036K, committed 3200K, reserved 1048576K
}

