# JRE version: Java(TM) SE Runtime Environment (17.0.12+8) (build 17.0.12+8-LTS-286)
# Java VM: Java HotSpot(TM) 64-Bit Server VM (17.0.12+8-LTS-286, mixed mode, sharing, tiered, compressed oops, compressed class ptrs, g1 gc, windows-amd64)
GC Precious Log:
 CPUs: 4 total, 4 available
 Memory: 7591M
 Large Page Support: Disabled
 NUMA Support: Disabled
 Compressed Oops: Enabled (32-bit)
 Heap Region Size: 1M
 Heap Min Capacity: 8M
 Heap Initial Capacity: 120M
 Heap Max Capacity: 512M
 Pre-touch: Disabled
 Parallel Workers: 4
 Concurrent Workers: 1
 Concurrent Refinement Workers: 4
 Periodic GC: Disabled
Heap:
 garbage-first heap   total 58368K, used 43040K [0x00000000e0000000, 0x0000000100000000)
  region size 1024K, 23 young (23552K), 3 survivors (3072K)
 Metaspace       used 46074K, committed 46528K, reserved 1114112K
  class space    used 6324K, committed 6528K, reserved 1048576K
GC Heap History (20 events):
Event: 0.658 GC heap before
{Heap before GC invocations=0 (full 0):
 garbage-first heap   total 122880K, used 15360K [0x00000000e0000000, 0x0000000100000000)
  region size 1024K, 13 young (13312K), 0 survivors (0K)
 Metaspace       used 2269K, committed 2432K, reserved 1114112K
  class space    used 232K, committed 320K, reserved 1048576K
}
Event: 0.665 GC heap after
{Heap after GC invocations=1 (full 0):
 garbage-first heap   total 122880K, used 8860K [0x00000000e0000000, 0x0000000100000000)
  region size 1024K, 2 young (2048K), 2 survivors (2048K)
 Metaspace       used 2269K, committed 2432K, reserved 1114112K
  class space    used 232K, committed 320K, reserved 1048576K
}
Event: 1.007 GC heap before
{Heap before GC invocations=1 (full 0):
 garbage-first heap   total 122880K, used 15004K [0x00000000e0000000, 0x0000000100000000)
  region size 1024K, 9 young (9216K), 2 survivors (2048K)
 Metaspace       used 4062K, committed 4224K, reserved 1114112K
  class space    used 477K, committed 576K, reserved 1048576K
}
Event: 1.012 GC heap after
{Heap after GC invocations=2 (full 0):
 garbage-first heap   total 122880K, used 9526K [0x00000000e0000000, 0x0000000100000000)
  region size 1024K, 1 young (1024K), 1 survivors (1024K)
 Metaspace       used 4062K, committed 4224K, reserved 1114112K
  class space    used 477K, committed 576K, reserved 1048576K
}
Event: 1.973 GC heap before
{Heap before GC invocations=2 (full 0):
 garbage-first heap   total 122880K, used 32054K [0x00000000e0000000, 0x0000000100000000)
  region size 1024K, 23 young (23552K), 1 survivors (1024K)
 Metaspace       used 9863K, committed 10048K, reserved 1114112K
  class space    used 1246K, committed 1344K, reserved 1048576K
}
Event: 1.980 GC heap after
{Heap after GC invocations=3 (full 0):
 garbage-first heap   total 122880K, used 11044K [0x00000000e0000000, 0x0000000100000000)
  region size 1024K, 2 young (2048K), 2 survivors (2048K)
 Metaspace       used 9863K, committed 10048K, reserved 1114112K
  class space    used 1246K, committed 1344K, reserved 1048576K
}
Event: 4.109 GC heap before
{Heap before GC invocations=3 (full 0):
 garbage-first heap   total 122880K, used 65316K [0x00000000e0000000, 0x0000000100000000)
  region size 1024K, 57 young (58368K), 2 survivors (2048K)
 Metaspace       used 21275K, committed 21504K, reserved 1114112K
  class space    used 2841K, committed 2944K, reserved 1048576K
}
Event: 4.120 GC heap after
{Heap after GC invocations=4 (full 0):
 garbage-first heap   total 122880K, used 14781K [0x00000000e0000000, 0x0000000100000000)
  region size 1024K, 6 young (6144K), 6 survivors (6144K)
 Metaspace       used 21275K, committed 21504K, reserved 1114112K
  class space    used 2841K, committed 2944K, reserved 1048576K
}
Event: 5.145 GC heap before
{Heap before GC invocations=5 (full 0):
 garbage-first heap   total 58368K, used 42429K [0x00000000e0000000, 0x0000000100000000)
  region size 1024K, 34 young (34816K), 6 survivors (6144K)
 Metaspace       used 25612K, committed 25984K, reserved 1114112K
  class space    used 3426K, committed 3584K, reserved 1048576K
}
Event: 5.167 GC heap after
{Heap after GC invocations=6 (full 0):
 garbage-first heap   total 58368K, used 17425K [0x00000000e0000000, 0x0000000100000000)
  region size 1024K, 3 young (3072K), 3 survivors (3072K)
 Metaspace       used 25612K, committed 25984K, reserved 1114112K
  class space    used 3426K, committed 3584K, reserved 1048576K
}
Event: 5.228 GC heap before
{Heap before GC invocations=6 (full 0):
 garbage-first heap   total 58368K, used 17425K [0x00000000e0000000, 0x0000000100000000)
  region size 1024K, 4 young (4096K), 3 survivors (3072K)
 Metaspace       used 25646K, committed 25984K, reserved 1114112K
  class space    used 3430K, committed 3584K, reserved 1048576K
}
Event: 5.238 GC heap after
{Heap after GC invocations=7 (full 0):
 garbage-first heap   total 58368K, used 18051K [0x00000000e0000000, 0x0000000100000000)
  region size 1024K, 1 young (1024K), 1 survivors (1024K)
 Metaspace       used 25646K, committed 25984K, reserved 1114112K
  class space    used 3430K, committed 3584K, reserved 1048576K
}
Event: 6.323 GC heap before
{Heap before GC invocations=7 (full 0):
 garbage-first heap   total 58368K, used 40579K [0x00000000e0000000, 0x0000000100000000)
  region size 1024K, 23 young (23552K), 1 survivors (1024K)
 Metaspace       used 28731K, committed 29056K, reserved 1114112K
  class space    used 3843K, committed 3968K, reserved 1048576K
}
Event: 6.331 GC heap after
{Heap after GC invocations=8 (full 0):
 garbage-first heap   total 58368K, used 18951K [0x00000000e0000000, 0x0000000100000000)
  region size 1024K, 2 young (2048K), 2 survivors (2048K)
 Metaspace       used 28731K, committed 29056K, reserved 1114112K
  class space    used 3843K, committed 3968K, reserved 1048576K
}
Event: 7.246 GC heap before
{Heap before GC invocations=8 (full 0):
 garbage-first heap   total 58368K, used 41479K [0x00000000e0000000, 0x0000000100000000)
  region size 1024K, 24 young (24576K), 2 survivors (2048K)
 Metaspace       used 31951K, committed 32384K, reserved 1114112K
  class space    used 4318K, committed 4544K, reserved 1048576K
}
Event: 7.255 GC heap after
{Heap after GC invocations=9 (full 0):
 garbage-first heap   total 58368K, used 20893K [0x00000000e0000000, 0x0000000100000000)
  region size 1024K, 3 young (3072K), 3 survivors (3072K)
 Metaspace       used 31951K, committed 32384K, reserved 1114112K
  class space    used 4318K, committed 4544K, reserved 1048576K
}
Event: 8.185 GC heap before
{Heap before GC invocations=9 (full 0):
 garbage-first heap   total 58368K, used 37277K [0x00000000e0000000, 0x0000000100000000)
  region size 1024K, 21 young (21504K), 3 survivors (3072K)
 Metaspace       used 35874K, committed 36288K, reserved 1114112K
  class space    used 4881K, committed 5120K, reserved 1048576K
}
Event: 8.196 GC heap after
{Heap after GC invocations=10 (full 0):
 garbage-first heap   total 58368K, used 21771K [0x00000000e0000000, 0x0000000100000000)
  region size 1024K, 3 young (3072K), 3 survivors (3072K)
 Metaspace       used 35874K, committed 36288K, reserved 1114112K
  class space    used 4881K, committed 5120K, reserved 1048576K
}
Event: 9.410 GC heap before
{Heap before GC invocations=11 (full 0):
 garbage-first heap   total 58368K, used 44299K [0x00000000e0000000, 0x0000000100000000)
  region size 1024K, 25 young (25600K), 3 survivors (3072K)
 Metaspace       used 41404K, committed 41856K, reserved 1114112K
  class space    used 5730K, committed 5952K, reserved 1048576K
}
Event: 9.423 GC heap after
{Heap after GC invocations=12 (full 0):
 garbage-first heap   total 58368K, used 23584K [0x00000000e0000000, 0x0000000100000000)
  region size 1024K, 3 young (3072K), 3 survivors (3072K)
 Metaspace       used 41404K, committed 41856K, reserved 1114112K
  class space    used 5730K, committed 5952K, reserved 1048576K
}

